\BOOKMARK [1][-]{section.1}{Executive\040Summary}{}% 1
\BOOKMARK [1][-]{section.2}{Background}{}% 2
\BOOKMARK [2][-]{subsection.2.1}{Research}{section.2}% 3
\BOOKMARK [3][-]{subsubsection.2.1.1}{Commercial\040Off-the-Shelf\040Products}{subsection.2.1}% 4
\BOOKMARK [3][-]{subsubsection.2.1.2}{Open\040Source\040Projects}{subsection.2.1}% 5
\BOOKMARK [3][-]{subsubsection.2.1.3}{Papers}{subsection.2.1}% 6
\BOOKMARK [1][-]{section.3}{Requirements}{}% 7
\BOOKMARK [2][-]{subsection.3.1}{Product\040Overview}{section.3}% 8
\BOOKMARK [2][-]{subsection.3.2}{Stackholders}{section.3}% 9
\BOOKMARK [2][-]{subsection.3.3}{Requirements}{section.3}% 10
\BOOKMARK [1][-]{section.4}{Objectives\040and\040Deliverables}{}% 11
\BOOKMARK [2][-]{subsection.4.1}{Objectives}{section.4}% 12
\BOOKMARK [2][-]{subsection.4.2}{Deliverables}{section.4}% 13
\BOOKMARK [1][-]{section.5}{Approach}{}% 14
\BOOKMARK [1][-]{section.6}{Design}{}% 15
\BOOKMARK [1][-]{section.7}{Test\040Plan\040Overview}{}% 16
\BOOKMARK [1][-]{section.8}{Results}{}% 17
\BOOKMARK [1][-]{section.9}{Post\040Mortem}{}% 18
\BOOKMARK [1][-]{section.10}{Future\040Work}{}% 19
\BOOKMARK [1][-]{section.11}{Project\040Resources}{}% 20
\BOOKMARK [1][-]{section.12}{Conclusion}{}% 21
\BOOKMARK [1][-]{section*.2}{Acronyms}{}% 22
\BOOKMARK [1][-]{appendix.1.A}{Tooling}{}% 23
\BOOKMARK [1][-]{appendix.1.B}{Developer\220s\040Manual}{}% 24
\BOOKMARK [1][-]{appendix.1.C}{User\220s\040Manual}{}% 25
\BOOKMARK [1][-]{appendix.1.D}{Test\040Plan}{}% 26
\BOOKMARK [2][-]{subsection.1.D.1}{Top\040Down\040Testing}{appendix.1.D}% 27
\BOOKMARK [3][-]{subsubsection.1.D.1.1}{Purpose}{subsection.1.D.1}% 28
\BOOKMARK [3][-]{subsubsection.1.D.1.2}{System\040Equipment}{subsection.1.D.1}% 29
\BOOKMARK [3][-]{subsubsection.1.D.1.3}{Pre-Test\040Setup}{subsection.1.D.1}% 30
\BOOKMARK [3][-]{subsubsection.1.D.1.4}{Top\040Down\040Test\040Steps}{subsection.1.D.1}% 31
\BOOKMARK [3][-]{subsubsection.1.D.1.5}{Post-Test\040Teardown}{subsection.1.D.1}% 32
\BOOKMARK [2][-]{subsection.1.D.2}{Bottom-Up\040Testing}{appendix.1.D}% 33
